<?xml version="1.0" encoding="UTF-8"?>
<testsuite xmlns:xsi="http://www.w3.org/2001/XMLSchema-instance" xsi:schemaLocation="https://maven.apache.org/surefire/maven-surefire-plugin/xsd/surefire-test-report.xsd" name="com.baeldung.write.web.CommandControllerLeadClickOnPromotionalLinkTest" time="0" tests="3" errors="3" skipped="0" failures="0">
  <properties>
    <property name="java.runtime.name" value="OpenJDK Runtime Environment"/>
    <property name="java.vm.version" value="21.0.2+13-LTS"/>
    <property name="sun.boot.library.path" value="/usr/lib/jvm/msopenjdk-current/lib"/>
    <property name="maven.multiModuleProjectDirectory" value="/workspaces/spring-event-sourcing-and-cqrs"/>
    <property name="java.vm.vendor" value="Microsoft"/>
    <property name="java.vendor.url" value="https://www.microsoft.com"/>
    <property name="guice.disable.misplaced.annotation.check" value="true"/>
    <property name="path.separator" value=":"/>
    <property name="java.vm.name" value="OpenJDK 64-Bit Server VM"/>
    <property name="user.country" value="US"/>
    <property name="sun.java.launcher" value="SUN_STANDARD"/>
    <property name="java.vm.specification.name" value="Java Virtual Machine Specification"/>
    <property name="user.dir" value="/workspaces/spring-event-sourcing-and-cqrs"/>
    <property name="java.vm.compressedOopsMode" value="32-bit"/>
    <property name="java.runtime.version" value="21.0.2+13-LTS"/>
    <property name="os.arch" value="amd64"/>
    <property name="java.io.tmpdir" value="/tmp"/>
    <property name="line.separator" value="&#10;"/>
    <property name="java.vm.specification.vendor" value="Oracle Corporation"/>
    <property name="stderr.encoding" value="UTF-8"/>
    <property name="os.name" value="Linux"/>
    <property name="classworlds.conf" value="/usr/local/sdkman/candidates/maven/current/bin/m2.conf"/>
    <property name="sun.jnu.encoding" value="UTF-8"/>
    <property name="stdout.encoding" value="UTF-8"/>
    <property name="java.library.path" value="/usr/java/packages/lib:/usr/lib64:/lib64:/lib:/usr/lib"/>
    <property name="maven.conf" value="/usr/local/sdkman/candidates/maven/current/conf"/>
    <property name="jdk.debug" value="release"/>
    <property name="java.class.version" value="65.0"/>
    <property name="java.specification.name" value="Java Platform API Specification"/>
    <property name="sun.management.compiler" value="HotSpot 64-Bit Tiered Compilers"/>
    <property name="os.version" value="6.6.12-linuxkit"/>
    <property name="library.jansi.path" value="/usr/local/sdkman/candidates/maven/current/lib/jansi-native"/>
    <property name="user.home" value="/home/vscode"/>
    <property name="user.timezone" value="Etc/UTC"/>
    <property name="file.encoding" value="UTF-8"/>
    <property name="java.specification.version" value="21"/>
    <property name="user.name" value="vscode"/>
    <property name="java.class.path" value="/usr/local/sdkman/candidates/maven/current/boot/plexus-classworlds-2.7.0.jar"/>
    <property name="java.vm.specification.version" value="21"/>
    <property name="sun.arch.data.model" value="64"/>
    <property name="sun.java.command" value="org.codehaus.plexus.classworlds.launcher.Launcher test"/>
    <property name="java.home" value="/usr/lib/jvm/msopenjdk-current"/>
    <property name="user.language" value="en"/>
    <property name="java.specification.vendor" value="Oracle Corporation"/>
    <property name="java.vm.info" value="mixed mode, sharing"/>
    <property name="java.version" value="21.0.2"/>
    <property name="native.encoding" value="UTF-8"/>
    <property name="java.vendor" value="Microsoft"/>
    <property name="maven.home" value="/usr/local/sdkman/candidates/maven/current"/>
    <property name="file.separator" value="/"/>
    <property name="java.version.date" value="2024-01-16"/>
    <property name="java.vendor.url.bug" value="https://github.com/microsoft/openjdk/issues"/>
    <property name="sun.io.unicode.encoding" value="UnicodeLittle"/>
    <property name="sun.cpu.endian" value="little"/>
    <property name="java.vendor.version" value="Microsoft-8905927"/>
  </properties>
  <testcase name="testNullLeadClickOnPromotionalLinkObject" classname="com.baeldung.write.web.CommandControllerLeadClickOnPromotionalLinkTest" time="0">
    <error message="Unresolved compilation problems: &#10;	UUID cannot be resolved&#10;	The method leadClickOnPromotionalLink(LeadClickOnPromotionalLink) is undefined for the type CommandControllerLeadClickOnPromotionalLinkTest&#10;	The method leadClickOnPromotionalLink(null) is undefined for the type CommandControllerLeadClickOnPromotionalLinkTest&#10;	The method leadClickOnPromotionalLink(LeadClickOnPromotionalLink) is undefined for the type CommandControllerLeadClickOnPromotionalLinkTest&#10;" type="java.lang.Error"><![CDATA[java.lang.Error: 
Unresolved compilation problems: 
	UUID cannot be resolved
	The method leadClickOnPromotionalLink(LeadClickOnPromotionalLink) is undefined for the type CommandControllerLeadClickOnPromotionalLinkTest
	The method leadClickOnPromotionalLink(null) is undefined for the type CommandControllerLeadClickOnPromotionalLinkTest
	The method leadClickOnPromotionalLink(LeadClickOnPromotionalLink) is undefined for the type CommandControllerLeadClickOnPromotionalLinkTest

	at com.baeldung.write.web.CommandControllerLeadClickOnPromotionalLinkTest.<init>(CommandControllerLeadClickOnPromotionalLinkTest.java:91)
]]></error>
  </testcase>
  <testcase name="testSaveLeadClickOnPromotionalLinkEvent" classname="com.baeldung.write.web.CommandControllerLeadClickOnPromotionalLinkTest" time="0">
    <error message="Unresolved compilation problems: &#10;	UUID cannot be resolved&#10;	The method leadClickOnPromotionalLink(LeadClickOnPromotionalLink) is undefined for the type CommandControllerLeadClickOnPromotionalLinkTest&#10;	The method leadClickOnPromotionalLink(null) is undefined for the type CommandControllerLeadClickOnPromotionalLinkTest&#10;	The method leadClickOnPromotionalLink(LeadClickOnPromotionalLink) is undefined for the type CommandControllerLeadClickOnPromotionalLinkTest&#10;" type="java.lang.Error"><![CDATA[java.lang.Error: 
Unresolved compilation problems: 
	UUID cannot be resolved
	The method leadClickOnPromotionalLink(LeadClickOnPromotionalLink) is undefined for the type CommandControllerLeadClickOnPromotionalLinkTest
	The method leadClickOnPromotionalLink(null) is undefined for the type CommandControllerLeadClickOnPromotionalLinkTest
	The method leadClickOnPromotionalLink(LeadClickOnPromotionalLink) is undefined for the type CommandControllerLeadClickOnPromotionalLinkTest

	at com.baeldung.write.web.CommandControllerLeadClickOnPromotionalLinkTest.<init>(CommandControllerLeadClickOnPromotionalLinkTest.java:91)
]]></error>
  </testcase>
  <testcase name="testInvalidIdLeadClickOnPromotionalLinkObject" classname="com.baeldung.write.web.CommandControllerLeadClickOnPromotionalLinkTest" time="0">
    <error message="Unresolved compilation problems: &#10;	UUID cannot be resolved&#10;	The method leadClickOnPromotionalLink(LeadClickOnPromotionalLink) is undefined for the type CommandControllerLeadClickOnPromotionalLinkTest&#10;	The method leadClickOnPromotionalLink(null) is undefined for the type CommandControllerLeadClickOnPromotionalLinkTest&#10;	The method leadClickOnPromotionalLink(LeadClickOnPromotionalLink) is undefined for the type CommandControllerLeadClickOnPromotionalLinkTest&#10;" type="java.lang.Error"><![CDATA[java.lang.Error: 
Unresolved compilation problems: 
	UUID cannot be resolved
	The method leadClickOnPromotionalLink(LeadClickOnPromotionalLink) is undefined for the type CommandControllerLeadClickOnPromotionalLinkTest
	The method leadClickOnPromotionalLink(null) is undefined for the type CommandControllerLeadClickOnPromotionalLinkTest
	The method leadClickOnPromotionalLink(LeadClickOnPromotionalLink) is undefined for the type CommandControllerLeadClickOnPromotionalLinkTest

	at com.baeldung.write.web.CommandControllerLeadClickOnPromotionalLinkTest.<init>(CommandControllerLeadClickOnPromotionalLinkTest.java:91)
]]></error>
  </testcase>
</testsuite>