<?xml version="1.0" encoding="UTF-8"?>
<testsuite xmlns:xsi="http://www.w3.org/2001/XMLSchema-instance" xsi:schemaLocation="https://maven.apache.org/surefire/maven-surefire-plugin/xsd/surefire-test-report.xsd" name="com.baeldung.write.web.CommandControllerLeadClickOnPromotionalLinkTest" time="0" tests="3" errors="3" skipped="0" failures="0">
  <properties>
[...]
</properties>
  <testcase name="testNullLeadClickOnPromotionalLinkObject" classname="com.baeldung.write.web.CommandControllerLeadClickOnPromotionalLinkTest" time="0">
    <error message="Unresolved compilation problems: &#10;	UUID cannot be resolved&#10;	The method leadClickOnPromotionalLink(LeadClickOnPromotionalLink) is undefined for the type CommandControllerLeadClickOnPromotionalLinkTest&#10;	The method leadClickOnPromotionalLink(null) is undefined for the type CommandControllerLeadClickOnPromotionalLinkTest&#10;	The method leadClickOnPromotionalLink(LeadClickOnPromotionalLink) is undefined for the type CommandControllerLeadClickOnPromotionalLinkTest&#10;" type="java.lang.Error"><![CDATA[java.lang.Error: 
Unresolved compilation problems: 
	UUID cannot be resolved
	The method leadClickOnPromotionalLink(LeadClickOnPromotionalLink) is undefined for the type CommandControllerLeadClickOnPromotionalLinkTest
	The method leadClickOnPromotionalLink(null) is undefined for the type CommandControllerLeadClickOnPromotionalLinkTest
	The method leadClickOnPromotionalLink(LeadClickOnPromotionalLink) is undefined for the type CommandControllerLeadClickOnPromotionalLinkTest

	at com.baeldung.write.web.CommandControllerLeadClickOnPromotionalLinkTest.<init>(CommandControllerLeadClickOnPromotionalLinkTest.java:91)
]]></error>
  </testcase>
  <testcase name="testSaveLeadClickOnPromotionalLinkEvent" classname="com.baeldung.write.web.CommandControllerLeadClickOnPromotionalLinkTest" time="0">
    <error message="Unresolved compilation problems: &#10;	UUID cannot be resolved&#10;	The method leadClickOnPromotionalLink(LeadClickOnPromotionalLink) is undefined for the type CommandControllerLeadClickOnPromotionalLinkTest&#10;	The method leadClickOnPromotionalLink(null) is undefined for the type CommandControllerLeadClickOnPromotionalLinkTest&#10;	The method leadClickOnPromotionalLink(LeadClickOnPromotionalLink) is undefined for the type CommandControllerLeadClickOnPromotionalLinkTest&#10;" type="java.lang.Error"><![CDATA[java.lang.Error: 
Unresolved compilation problems: 
	UUID cannot be resolved
	The method leadClickOnPromotionalLink(LeadClickOnPromotionalLink) is undefined for the type CommandControllerLeadClickOnPromotionalLinkTest
	The method leadClickOnPromotionalLink(null) is undefined for the type CommandControllerLeadClickOnPromotionalLinkTest
	The method leadClickOnPromotionalLink(LeadClickOnPromotionalLink) is undefined for the type CommandControllerLeadClickOnPromotionalLinkTest

	at com.baeldung.write.web.CommandControllerLeadClickOnPromotionalLinkTest.<init>(CommandControllerLeadClickOnPromotionalLinkTest.java:91)
]]></error>
  </testcase>
  <testcase name="testInvalidIdLeadClickOnPromotionalLinkObject" classname="com.baeldung.write.web.CommandControllerLeadClickOnPromotionalLinkTest" time="0">
    <error message="Unresolved compilation problems: &#10;	UUID cannot be resolved&#10;	The method leadClickOnPromotionalLink(LeadClickOnPromotionalLink) is undefined for the type CommandControllerLeadClickOnPromotionalLinkTest&#10;	The method leadClickOnPromotionalLink(null) is undefined for the type CommandControllerLeadClickOnPromotionalLinkTest&#10;	The method leadClickOnPromotionalLink(LeadClickOnPromotionalLink) is undefined for the type CommandControllerLeadClickOnPromotionalLinkTest&#10;" type="java.lang.Error"><![CDATA[java.lang.Error: 
Unresolved compilation problems: 
	UUID cannot be resolved
	The method leadClickOnPromotionalLink(LeadClickOnPromotionalLink) is undefined for the type CommandControllerLeadClickOnPromotionalLinkTest
	The method leadClickOnPromotionalLink(null) is undefined for the type CommandControllerLeadClickOnPromotionalLinkTest
	The method leadClickOnPromotionalLink(LeadClickOnPromotionalLink) is undefined for the type CommandControllerLeadClickOnPromotionalLinkTest

	at com.baeldung.write.web.CommandControllerLeadClickOnPromotionalLinkTest.<init>(CommandControllerLeadClickOnPromotionalLinkTest.java:91)
]]></error>
  </testcase>
</testsuite>